{"C:\\Users\\Hermon\\To-do-list-project\\src\\modules\\Class.js": {"path":"C:\\Users\\Hermon\\To-do-list-project\\src\\modules\\Class.js","statementMap":{"0":{"start":{"line":3,"column":4},"end":{"line":3,"column":35}},"1":{"start":{"line":4,"column":4},"end":{"line":4,"column":31}},"2":{"start":{"line":5,"column":4},"end":{"line":5,"column":23}}},"fnMap":{"0":{"name":"(anonymous_0)","decl":{"start":{"line":2,"column":2},"end":{"line":2,"column":3}},"loc":{"start":{"line":2,"column":45},"end":{"line":6,"column":3}},"line":2}},"branchMap":{},"s":{"0":3,"1":3,"2":3},"f":{"0":3},"b":{},"_coverageSchema":"1a1c01bbd47fc00a2c39e90264f33305004495a9","hash":"e3bcfc1c6aed05f82e0c47a4eb075672a6f4551e"}
,"C:\\Users\\Hermon\\To-do-list-project\\src\\modules\\Store.js": {"path":"C:\\Users\\Hermon\\To-do-list-project\\src\\modules\\Store.js","statementMap":{"0":{"start":{"line":1,"column":17},"end":{"line":4,"column":1}},"1":{"start":{"line":2,"column":18},"end":{"line":2,"column":71}},"2":{"start":{"line":3,"column":2},"end":{"line":3,"column":17}}},"fnMap":{"0":{"name":"(anonymous_0)","decl":{"start":{"line":1,"column":17},"end":{"line":1,"column":18}},"loc":{"start":{"line":1,"column":23},"end":{"line":4,"column":1}},"line":1}},"branchMap":{"0":{"loc":{"start":{"line":2,"column":18},"end":{"line":2,"column":71}},"type":"binary-expr","locations":[{"start":{"line":2,"column":18},"end":{"line":2,"column":65}},{"start":{"line":2,"column":69},"end":{"line":2,"column":71}}],"line":2}},"s":{"0":1,"1":8,"2":8},"f":{"0":8},"b":{"0":[8,1]},"_coverageSchema":"1a1c01bbd47fc00a2c39e90264f33305004495a9","hash":"7dae4acab4914308284de58474e9e40f6cab85fe"}
,"C:\\Users\\Hermon\\To-do-list-project\\src\\modules\\UI.js": {"path":"C:\\Users\\Hermon\\To-do-list-project\\src\\modules\\UI.js","statementMap":{"0":{"start":{"line":4,"column":20},"end":{"line":29,"column":1}},"1":{"start":{"line":5,"column":22},"end":{"line":5,"column":57}},"2":{"start":{"line":7,"column":2},"end":{"line":7,"column":32}},"3":{"start":{"line":8,"column":2},"end":{"line":28,"column":5}},"4":{"start":{"line":10,"column":4},"end":{"line":14,"column":5}},"5":{"start":{"line":11,"column":6},"end":{"line":11,"column":30}},"6":{"start":{"line":13,"column":6},"end":{"line":13,"column":23}},"7":{"start":{"line":16,"column":4},"end":{"line":27,"column":10}},"8":{"start":{"line":31,"column":16},"end":{"line":41,"column":1}},"9":{"start":{"line":32,"column":19},"end":{"line":32,"column":51}},"10":{"start":{"line":34,"column":20},"end":{"line":34,"column":67}},"11":{"start":{"line":35,"column":12},"end":{"line":35,"column":22}},"12":{"start":{"line":36,"column":2},"end":{"line":36,"column":20}},"13":{"start":{"line":37,"column":2},"end":{"line":37,"column":57}},"14":{"start":{"line":38,"column":2},"end":{"line":38,"column":22}},"15":{"start":{"line":40,"column":2},"end":{"line":40,"column":16}},"16":{"start":{"line":43,"column":22},"end":{"line":47,"column":1}},"17":{"start":{"line":44,"column":2},"end":{"line":46,"column":5}},"18":{"start":{"line":45,"column":4},"end":{"line":45,"column":23}},"19":{"start":{"line":49,"column":19},"end":{"line":60,"column":1}},"20":{"start":{"line":50,"column":24},"end":{"line":55,"column":4}},"21":{"start":{"line":51,"column":4},"end":{"line":53,"column":5}},"22":{"start":{"line":52,"column":6},"end":{"line":52,"column":18}},"23":{"start":{"line":54,"column":4},"end":{"line":54,"column":14}},"24":{"start":{"line":56,"column":2},"end":{"line":56,"column":31}},"25":{"start":{"line":57,"column":2},"end":{"line":57,"column":69}},"26":{"start":{"line":59,"column":2},"end":{"line":59,"column":16}},"27":{"start":{"line":62,"column":0},"end":{"line":71,"column":2}},"28":{"start":{"line":63,"column":22},"end":{"line":63,"column":66}},"29":{"start":{"line":64,"column":22},"end":{"line":69,"column":4}},"30":{"start":{"line":65,"column":4},"end":{"line":67,"column":5}},"31":{"start":{"line":66,"column":6},"end":{"line":66,"column":35}},"32":{"start":{"line":68,"column":4},"end":{"line":68,"column":16}},"33":{"start":{"line":70,"column":2},"end":{"line":70,"column":67}},"34":{"start":{"line":73,"column":0},"end":{"line":90,"column":2}},"35":{"start":{"line":74,"column":22},"end":{"line":74,"column":66}},"36":{"start":{"line":75,"column":22},"end":{"line":87,"column":4}},"37":{"start":{"line":76,"column":4},"end":{"line":84,"column":5}},"38":{"start":{"line":77,"column":6},"end":{"line":77,"column":37}},"39":{"start":{"line":79,"column":6},"end":{"line":83,"column":7}},"40":{"start":{"line":80,"column":8},"end":{"line":80,"column":31}},"41":{"start":{"line":82,"column":8},"end":{"line":82,"column":30}},"42":{"start":{"line":86,"column":4},"end":{"line":86,"column":16}},"43":{"start":{"line":89,"column":2},"end":{"line":89,"column":67}}},"fnMap":{"0":{"name":"(anonymous_0)","decl":{"start":{"line":4,"column":20},"end":{"line":4,"column":21}},"loc":{"start":{"line":4,"column":26},"end":{"line":29,"column":1}},"line":4},"1":{"name":"(anonymous_1)","decl":{"start":{"line":8,"column":21},"end":{"line":8,"column":22}},"loc":{"start":{"line":8,"column":35},"end":{"line":28,"column":3}},"line":8},"2":{"name":"(anonymous_2)","decl":{"start":{"line":31,"column":16},"end":{"line":31,"column":17}},"loc":{"start":{"line":31,"column":51},"end":{"line":41,"column":1}},"line":31},"3":{"name":"(anonymous_3)","decl":{"start":{"line":43,"column":22},"end":{"line":43,"column":23}},"loc":{"start":{"line":43,"column":41},"end":{"line":47,"column":1}},"line":43},"4":{"name":"(anonymous_4)","decl":{"start":{"line":44,"column":24},"end":{"line":44,"column":25}},"loc":{"start":{"line":44,"column":37},"end":{"line":46,"column":3}},"line":44},"5":{"name":"(anonymous_5)","decl":{"start":{"line":49,"column":19},"end":{"line":49,"column":20}},"loc":{"start":{"line":49,"column":27},"end":{"line":60,"column":1}},"line":49},"6":{"name":"(anonymous_6)","decl":{"start":{"line":50,"column":42},"end":{"line":50,"column":43}},"loc":{"start":{"line":50,"column":52},"end":{"line":55,"column":3}},"line":50},"7":{"name":"(anonymous_7)","decl":{"start":{"line":62,"column":23},"end":{"line":62,"column":24}},"loc":{"start":{"line":62,"column":31},"end":{"line":71,"column":1}},"line":62},"8":{"name":"(anonymous_8)","decl":{"start":{"line":64,"column":37},"end":{"line":64,"column":38}},"loc":{"start":{"line":64,"column":47},"end":{"line":69,"column":3}},"line":64},"9":{"name":"(anonymous_9)","decl":{"start":{"line":73,"column":20},"end":{"line":73,"column":21}},"loc":{"start":{"line":73,"column":28},"end":{"line":90,"column":1}},"line":73},"10":{"name":"(anonymous_10)","decl":{"start":{"line":75,"column":37},"end":{"line":75,"column":38}},"loc":{"start":{"line":75,"column":47},"end":{"line":87,"column":3}},"line":75}},"branchMap":{"0":{"loc":{"start":{"line":10,"column":4},"end":{"line":14,"column":5}},"type":"if","locations":[{"start":{"line":10,"column":4},"end":{"line":14,"column":5}},{"start":{"line":12,"column":11},"end":{"line":14,"column":5}}],"line":10},"1":{"loc":{"start":{"line":20,"column":78},"end":{"line":20,"column":109}},"type":"cond-expr","locations":[{"start":{"line":20,"column":93},"end":{"line":20,"column":99}},{"start":{"line":20,"column":102},"end":{"line":20,"column":109}}],"line":20},"2":{"loc":{"start":{"line":51,"column":4},"end":{"line":53,"column":5}},"type":"if","locations":[{"start":{"line":51,"column":4},"end":{"line":53,"column":5}},{"start":{},"end":{}}],"line":51},"3":{"loc":{"start":{"line":65,"column":4},"end":{"line":67,"column":5}},"type":"if","locations":[{"start":{"line":65,"column":4},"end":{"line":67,"column":5}},{"start":{},"end":{}}],"line":65},"4":{"loc":{"start":{"line":76,"column":4},"end":{"line":84,"column":5}},"type":"if","locations":[{"start":{"line":76,"column":4},"end":{"line":84,"column":5}},{"start":{},"end":{}}],"line":76},"5":{"loc":{"start":{"line":79,"column":6},"end":{"line":83,"column":7}},"type":"if","locations":[{"start":{"line":79,"column":6},"end":{"line":83,"column":7}},{"start":{"line":81,"column":13},"end":{"line":83,"column":7}}],"line":79}},"s":{"0":1,"1":4,"2":4,"3":4,"4":8,"5":3,"6":5,"7":8,"8":1,"9":3,"10":3,"11":3,"12":3,"13":3,"14":3,"15":3,"16":1,"17":1,"18":2,"19":1,"20":1,"21":3,"22":2,"23":1,"24":1,"25":1,"26":1,"27":1,"28":0,"29":0,"30":0,"31":0,"32":0,"33":0,"34":1,"35":0,"36":0,"37":0,"38":0,"39":0,"40":0,"41":0,"42":0,"43":0},"f":{"0":4,"1":8,"2":3,"3":1,"4":2,"5":1,"6":3,"7":0,"8":0,"9":0,"10":0},"b":{"0":[3,5],"1":[0,8],"2":[2,1],"3":[0,0],"4":[0,0],"5":[0,0]},"_coverageSchema":"1a1c01bbd47fc00a2c39e90264f33305004495a9","hash":"4b79234199a1c43972676f6d7d4b9b1a3c7ef1bd"}
}
